<?xml version="1.0" encoding="UTF-8"?>
<!-- Generated by org.testng.reporters.JUnitXMLReporter -->
<testsuite ignored="6" hostname="LAPTOP-T22UOKH9" failures="0" tests="1" name="Default test" time="2.705" errors="0" timestamp="2024-07-08T16:18:30 IST">
  <testcase classname="beeceptorCryptoWallet.CryptoWalletserverEvaluation" name="GetanObjectWithallAvailable" time="2.663"/>
  <testcase classname="beeceptorCryptoWallet.CryptoWalletserverEvaluation" name="Listallthetransactionsdone" time="0.0">
    <ignored/>
  </testcase> <!-- Listallthetransactionsdone -->
  <testcase classname="beeceptorCryptoWallet.CryptoWalletserverEvaluation" name="CalculateTransactionFees" time="0.0">
    <ignored/>
  </testcase> <!-- CalculateTransactionFees -->
  <testcase classname="beeceptorCryptoWallet.CryptoWalletserverEvaluation" name="LogintheUser" time="0.0">
    <ignored/>
  </testcase> <!-- LogintheUser -->
  <testcase classname="beeceptorCryptoWallet.CryptoWalletserverEvaluation" name="Retrievethewalletbalance" time="0.0">
    <ignored/>
  </testcase> <!-- Retrievethewalletbalance -->
  <testcase classname="beeceptorCryptoWallet.CryptoWalletserverEvaluation" name="Registerauser" time="0.0">
    <ignored/>
  </testcase> <!-- Registerauser -->
  <testcase classname="beeceptorCryptoWallet.CryptoWalletserverEvaluation" name="Transfer5ETHtoaRecipient" time="0.0">
    <ignored/>
  </testcase> <!-- Transfer5ETHtoaRecipient -->
</testsuite> <!-- Default test -->
