<?xml version="1.0" encoding="UTF-8"?>
<testng-results ignored="6" total="7" passed="1" failed="0" skipped="0">
  <reporter-output>
  </reporter-output>
  <suite started-at="2024-07-08T16:18:27 IST" name="Default suite" finished-at="2024-07-08T16:18:30 IST" duration-ms="2705">
    <groups>
    </groups>
    <test started-at="2024-07-08T16:18:27 IST" name="Default test" finished-at="2024-07-08T16:18:30 IST" duration-ms="2705">
      <class name="beeceptorCryptoWallet.CryptoWalletserverEvaluation">
        <test-method signature="GetanObjectWithallAvailable()[pri:0, instance:beeceptorCryptoWallet.CryptoWalletserverEvaluation@66f57048]" started-at="2024-07-08T16:18:28 IST" name="GetanObjectWithallAvailable" finished-at="2024-07-08T16:18:30 IST" duration-ms="2663" status="PASS">
          <reporter-output>
          </reporter-output>
        </test-method> <!-- GetanObjectWithallAvailable -->
      </class> <!-- beeceptorCryptoWallet.CryptoWalletserverEvaluation -->
    </test> <!-- Default test -->
  </suite> <!-- Default suite -->
</testng-results>
